{
  "stats": {
    "suites": 1,
    "tests": 4,
    "passes": 3,
    "pending": 0,
    "failures": 1,
    "start": "2024-03-17T10:06:46.992Z",
    "end": "2024-03-17T10:07:05.129Z",
    "duration": 18137,
    "testsRegistered": 4,
    "passPercent": 75,
    "pendingPercent": 0,
    "other": 0,
    "hasOther": false,
    "skipped": 0,
    "hasSkipped": false
  },
  "results": [
    {
      "uuid": "7f31b466-7006-4c9c-a80e-8ca898956cc5",
      "title": "",
      "fullFile": "cypress\\e2e\\specs\\sweetshop_test.js",
      "file": "cypress\\e2e\\specs\\sweetshop_test.js",
      "beforeHooks": [],
      "afterHooks": [],
      "tests": [],
      "suites": [
        {
          "uuid": "1399f59c-a82c-4041-a5be-8a5b7f95e8ee",
          "title": "Verify Sweetshop UI Automation suite",
          "fullFile": "",
          "file": "",
          "beforeHooks": [],
          "afterHooks": [],
          "tests": [
            {
              "title": "verify All the selected items are present in basket",
              "fullTitle": "Verify Sweetshop UI Automation suite verify All the selected items are present in basket",
              "timedOut": null,
              "duration": 3774,
              "state": "passed",
              "speed": "fast",
              "pass": true,
              "fail": false,
              "pending": false,
              "context": null,
              "code": "welcomePage.verifyWelcomePage();\nwelcomePage.addProductToBasket();\nwelcomePage.clickBasketIcon();\nbasketPage.verifyBasketPage();\nbasketPage.verifySelectedItemsInBasket();",
              "err": {},
              "uuid": "4c9a6871-9b1a-451b-8573-ed937a4644bb",
              "parentUUID": "1399f59c-a82c-4041-a5be-8a5b7f95e8ee",
              "isHook": false,
              "skipped": false
            },
            {
              "title": "verify total price in GBP is correct",
              "fullTitle": "Verify Sweetshop UI Automation suite verify total price in GBP is correct",
              "timedOut": null,
              "duration": 1707,
              "state": "passed",
              "speed": "fast",
              "pass": true,
              "fail": false,
              "pending": false,
              "context": null,
              "code": "welcomePage.verifyWelcomePage();\nwelcomePage.addProductToBasket();\nwelcomePage.clickBasketIcon();\nbasketPage.verifyBasketPage();\nbasketPage.verifyTotalValue();",
              "err": {},
              "uuid": "de941d21-976e-4d4a-b9d4-c8f32d76d2ba",
              "parentUUID": "1399f59c-a82c-4041-a5be-8a5b7f95e8ee",
              "isHook": false,
              "skipped": false
            },
            {
              "title": "verify the total priceby changing delivery type to Standard Shipping",
              "fullTitle": "Verify Sweetshop UI Automation suite verify the total priceby changing delivery type to Standard Shipping",
              "timedOut": null,
              "duration": 2817,
              "state": "failed",
              "speed": null,
              "pass": false,
              "fail": true,
              "pending": false,
              "context": null,
              "code": "welcomePage.verifyWelcomePage();\nwelcomePage.addProductToBasket();\nwelcomePage.clickBasketIcon();\nbasketPage.verifyBasketPage();\nbasketPage.selectStandardDeliveryMethod();\nbasketPage.verifyTotalPriceWithStandardShipping();",
              "err": {
                "message": "AssertionError: expected 7.49 to equal NaN",
                "estack": "AssertionError: expected 7.49 to equal NaN\n    at Context.eval (webpack://cypress_automation/./cypress/e2e/page/basketPage.js:61:41)",
                "diff": null
              },
              "uuid": "7d771f81-8c75-4064-95c2-8df762287af7",
              "parentUUID": "1399f59c-a82c-4041-a5be-8a5b7f95e8ee",
              "isHook": false,
              "skipped": false
            },
            {
              "title": "Verify User able to Checkout",
              "fullTitle": "Verify Sweetshop UI Automation suite Verify User able to Checkout",
              "timedOut": null,
              "duration": 7264,
              "state": "passed",
              "speed": "medium",
              "pass": true,
              "fail": false,
              "pending": false,
              "context": null,
              "code": "welcomePage.verifyWelcomePage();\nwelcomePage.addProductToBasket();\nwelcomePage.clickBasketIcon();\nbasketPage.verifyBasketPage();\nbasketPage.fillBillingDetails();\nbasketPage.fillPaymentDetails();\nbasketPage.clickOnCheckoutcta();\nbasketPage.verifyCheckoutSuccessful();",
              "err": {},
              "uuid": "92e410e1-f8f4-4f8c-972a-18f605d49b6e",
              "parentUUID": "1399f59c-a82c-4041-a5be-8a5b7f95e8ee",
              "isHook": false,
              "skipped": false
            }
          ],
          "suites": [],
          "passes": [
            "4c9a6871-9b1a-451b-8573-ed937a4644bb",
            "de941d21-976e-4d4a-b9d4-c8f32d76d2ba",
            "92e410e1-f8f4-4f8c-972a-18f605d49b6e"
          ],
          "failures": [
            "7d771f81-8c75-4064-95c2-8df762287af7"
          ],
          "pending": [],
          "skipped": [],
          "duration": 15562,
          "root": false,
          "rootEmpty": false,
          "_timeout": 2000
        }
      ],
      "passes": [],
      "failures": [],
      "pending": [],
      "skipped": [],
      "duration": 0,
      "root": true,
      "rootEmpty": true,
      "_timeout": 2000
    }
  ],
  "meta": {
    "mocha": {
      "version": "7.0.1"
    },
    "mochawesome": {
      "options": {
        "quiet": false,
        "reportFilename": "mochawesome",
        "saveHtml": true,
        "saveJson": true,
        "consoleReporter": "spec",
        "useInlineDiffs": false,
        "code": true
      },
      "version": "7.1.3"
    },
    "marge": {
      "options": {
        "id": "default"
      },
      "version": "6.2.0"
    }
  }
}