{
  "stats": {
    "suites": 1,
    "tests": 4,
    "passes": 3,
    "pending": 0,
    "failures": 1,
    "start": "2024-03-17T01:21:52.892Z",
    "end": "2024-03-17T01:22:50.457Z",
    "duration": 57565,
    "testsRegistered": 4,
    "passPercent": 75,
    "pendingPercent": 0,
    "other": 0,
    "hasOther": false,
    "skipped": 0,
    "hasSkipped": false
  },
  "results": [
    {
      "uuid": "bbbc24fe-b2fa-4f83-9496-26dd8ff31b54",
      "title": "",
      "fullFile": "cypress\\e2e\\specs\\sweetshop_test.js",
      "file": "cypress\\e2e\\specs\\sweetshop_test.js",
      "beforeHooks": [],
      "afterHooks": [],
      "tests": [],
      "suites": [
        {
          "uuid": "9f3791a0-570c-4f65-b1eb-5e0f6a76087b",
          "title": "My First Test",
          "fullFile": "",
          "file": "",
          "beforeHooks": [],
          "afterHooks": [],
          "tests": [
            {
              "title": "verify selected item in the basket",
              "fullTitle": "My First Test verify selected item in the basket",
              "timedOut": null,
              "duration": 26254,
              "state": "passed",
              "speed": "slow",
              "pass": true,
              "fail": false,
              "pending": false,
              "context": null,
              "code": "basketPage.verifySelectedItemsInBasket();",
              "err": {},
              "uuid": "82ca59ea-63e6-4551-8d89-adf875d80dac",
              "parentUUID": "9f3791a0-570c-4f65-b1eb-5e0f6a76087b",
              "isHook": false,
              "skipped": false
            },
            {
              "title": "verify total price",
              "fullTitle": "My First Test verify total price",
              "timedOut": null,
              "duration": 22966,
              "state": "passed",
              "speed": "slow",
              "pass": true,
              "fail": false,
              "pending": false,
              "context": null,
              "code": "basketPage.verifyTotalValue();",
              "err": {},
              "uuid": "799177f3-106b-4946-8beb-2ceecb46f01e",
              "parentUUID": "9f3791a0-570c-4f65-b1eb-5e0f6a76087b",
              "isHook": false,
              "skipped": false
            },
            {
              "title": "verify standard delivery fee added in total value",
              "fullTitle": "My First Test verify standard delivery fee added in total value",
              "timedOut": null,
              "duration": 2191,
              "state": "failed",
              "speed": null,
              "pass": false,
              "fail": true,
              "pending": false,
              "context": null,
              "code": "basketPage.selectStandardDeliveryMethod();\nbasketPage.verifyTotalPriceWithStandardShipping();",
              "err": {
                "message": "AssertionError: expected 7.49 to equal NaN",
                "estack": "AssertionError: expected 7.49 to equal NaN\n    at Context.eval (webpack://cypress_automation/./cypress/e2e/page/basketPage.js:55:36)",
                "diff": null
              },
              "uuid": "e51bf001-1aa7-4c6f-bf7c-6a9990cdc360",
              "parentUUID": "9f3791a0-570c-4f65-b1eb-5e0f6a76087b",
              "isHook": false,
              "skipped": false
            },
            {
              "title": "Checkout",
              "fullTitle": "My First Test Checkout",
              "timedOut": null,
              "duration": 4141,
              "state": "passed",
              "speed": "fast",
              "pass": true,
              "fail": false,
              "pending": false,
              "context": null,
              "code": "basketPage.fillBillingDetails();\nbasketPage.fillPaymentDetails();\nbasketPage.clickCheckout();",
              "err": {},
              "uuid": "c923a4b7-e089-49d6-971e-e3dbef04a938",
              "parentUUID": "9f3791a0-570c-4f65-b1eb-5e0f6a76087b",
              "isHook": false,
              "skipped": false
            }
          ],
          "suites": [],
          "passes": [
            "82ca59ea-63e6-4551-8d89-adf875d80dac",
            "799177f3-106b-4946-8beb-2ceecb46f01e",
            "c923a4b7-e089-49d6-971e-e3dbef04a938"
          ],
          "failures": [
            "e51bf001-1aa7-4c6f-bf7c-6a9990cdc360"
          ],
          "pending": [],
          "skipped": [],
          "duration": 55552,
          "root": false,
          "rootEmpty": false,
          "_timeout": 2000
        }
      ],
      "passes": [],
      "failures": [],
      "pending": [],
      "skipped": [],
      "duration": 0,
      "root": true,
      "rootEmpty": true,
      "_timeout": 2000
    }
  ],
  "meta": {
    "mocha": {
      "version": "7.0.1"
    },
    "mochawesome": {
      "options": {
        "quiet": false,
        "reportFilename": "mochawesome",
        "saveHtml": true,
        "saveJson": true,
        "consoleReporter": "spec",
        "useInlineDiffs": false,
        "code": true
      },
      "version": "7.1.3"
    },
    "marge": {
      "options": {
        "id": "default"
      },
      "version": "6.2.0"
    }
  }
}