{
  "stats": {
    "suites": 1,
    "tests": 4,
    "passes": 3,
    "pending": 0,
    "failures": 1,
    "start": "2024-03-17T11:31:02.565Z",
    "end": "2024-03-17T11:31:37.221Z",
    "duration": 34656,
    "testsRegistered": 4,
    "passPercent": 75,
    "pendingPercent": 0,
    "other": 0,
    "hasOther": false,
    "skipped": 0,
    "hasSkipped": false
  },
  "results": [
    {
      "uuid": "5cd93da3-ebed-4921-946a-f3faae0a8eb2",
      "title": "",
      "fullFile": "cypress\\e2e\\specs\\sweetshop_test.js",
      "file": "cypress\\e2e\\specs\\sweetshop_test.js",
      "beforeHooks": [],
      "afterHooks": [],
      "tests": [],
      "suites": [
        {
          "uuid": "fd37eff6-2c89-4126-abe9-f9838dca77c7",
          "title": "Verify Sweetshop UI Automation suite",
          "fullFile": "",
          "file": "",
          "beforeHooks": [],
          "afterHooks": [],
          "tests": [
            {
              "title": "verify All the selected items are present in basket",
              "fullTitle": "Verify Sweetshop UI Automation suite verify All the selected items are present in basket",
              "timedOut": null,
              "duration": 23619,
              "state": "passed",
              "speed": "slow",
              "pass": true,
              "fail": false,
              "pending": false,
              "context": null,
              "code": "welcomePage.verifyWelcomePage();\nwelcomePage.addProductToBasket();\nwelcomePage.clickBasketIcon();\nbasketPage.verifyBasketPage();\nbasketPage.verifySelectedItemsInBasket();",
              "err": {},
              "uuid": "68040d33-6a8c-4503-8c32-d233eea5e545",
              "parentUUID": "fd37eff6-2c89-4126-abe9-f9838dca77c7",
              "isHook": false,
              "skipped": false
            },
            {
              "title": "verify total price in GBP is correct",
              "fullTitle": "Verify Sweetshop UI Automation suite verify total price in GBP is correct",
              "timedOut": null,
              "duration": 1612,
              "state": "passed",
              "speed": "fast",
              "pass": true,
              "fail": false,
              "pending": false,
              "context": null,
              "code": "welcomePage.verifyWelcomePage();\nwelcomePage.addProductToBasket();\nwelcomePage.clickBasketIcon();\nbasketPage.verifyBasketPage();\nbasketPage.verifyTotalValue();",
              "err": {},
              "uuid": "01cbf72e-e635-4604-bf87-f7fa62d9de9d",
              "parentUUID": "fd37eff6-2c89-4126-abe9-f9838dca77c7",
              "isHook": false,
              "skipped": false
            },
            {
              "title": "verify the total priceby changing delivery type to Standard Shipping",
              "fullTitle": "Verify Sweetshop UI Automation suite verify the total priceby changing delivery type to Standard Shipping",
              "timedOut": null,
              "duration": 2335,
              "state": "failed",
              "speed": null,
              "pass": false,
              "fail": true,
              "pending": false,
              "context": null,
              "code": "welcomePage.verifyWelcomePage();\nwelcomePage.addProductToBasket();\nwelcomePage.clickBasketIcon();\nbasketPage.verifyBasketPage();\nbasketPage.selectStandardDeliveryMethod();\nbasketPage.verifyTotalPriceWithStandardShipping();",
              "err": {
                "message": "AssertionError: expected 7.49 to equal NaN",
                "estack": "AssertionError: expected 7.49 to equal NaN\n    at Context.eval (webpack://cypress_automation/./cypress/e2e/page/basketPage.js:61:41)",
                "diff": null
              },
              "uuid": "1d6202b8-a214-4793-8316-1602638cb7d3",
              "parentUUID": "fd37eff6-2c89-4126-abe9-f9838dca77c7",
              "isHook": false,
              "skipped": false
            },
            {
              "title": "Verify User able to Checkout",
              "fullTitle": "Verify Sweetshop UI Automation suite Verify User able to Checkout",
              "timedOut": null,
              "duration": 4939,
              "state": "passed",
              "speed": "fast",
              "pass": true,
              "fail": false,
              "pending": false,
              "context": null,
              "code": "welcomePage.verifyWelcomePage();\nwelcomePage.addProductToBasket();\nwelcomePage.clickBasketIcon();\nbasketPage.verifyBasketPage();\nbasketPage.fillBillingDetails();\nbasketPage.fillPaymentDetails();\nbasketPage.clickOnCheckoutcta();\nbasketPage.verifyCheckoutSuccessful();",
              "err": {},
              "uuid": "6774a1f3-e0ac-47b8-ac91-d6aea1980b6d",
              "parentUUID": "fd37eff6-2c89-4126-abe9-f9838dca77c7",
              "isHook": false,
              "skipped": false
            }
          ],
          "suites": [],
          "passes": [
            "68040d33-6a8c-4503-8c32-d233eea5e545",
            "01cbf72e-e635-4604-bf87-f7fa62d9de9d",
            "6774a1f3-e0ac-47b8-ac91-d6aea1980b6d"
          ],
          "failures": [
            "1d6202b8-a214-4793-8316-1602638cb7d3"
          ],
          "pending": [],
          "skipped": [],
          "duration": 32505,
          "root": false,
          "rootEmpty": false,
          "_timeout": 2000
        }
      ],
      "passes": [],
      "failures": [],
      "pending": [],
      "skipped": [],
      "duration": 0,
      "root": true,
      "rootEmpty": true,
      "_timeout": 2000
    }
  ],
  "meta": {
    "mocha": {
      "version": "7.0.1"
    },
    "mochawesome": {
      "options": {
        "quiet": false,
        "reportFilename": "mochawesome",
        "saveHtml": true,
        "saveJson": true,
        "consoleReporter": "spec",
        "useInlineDiffs": false,
        "code": true
      },
      "version": "7.1.3"
    },
    "marge": {
      "options": {
        "id": "default"
      },
      "version": "6.2.0"
    }
  }
}